<?xml version="1.0" encoding="UTF-8"?>
<!-- Generated by org.testng.reporters.JUnitReportReporter -->
<testsuite hostname="LAPTOP-9SHU180Q" failures="0" tests="3" name="testNG.TestNgDemo" time="9.920" errors="0" timestamp="2024-04-24T13:40:34 IST" skipped="1">
  <testcase classname="testNG.TestNgDemo" name="chromeBrowserTest" time="3.519"/>
  <system-out/>
  <testcase classname="testNG.TestNgDemo" name="firefoxBrowserTest" time="6.401"/>
  <system-out/>
  <testcase classname="testNG.TestNgDemo" name="edgeBrowserTest">
    <skipped/>
  </testcase> <!-- edgeBrowserTest -->
  <system-out/>
</testsuite> <!-- testNG.TestNgDemo -->
